23.03.2018 00:32:48 [main] INFO  Func  - Starting program
23.03.2018 00:32:48 [main] INFO  диспетчер.dispatcher  - Элемент добавлен
23.03.2018 00:32:48 [main] INFO  диспетчер.dispatcher  - Элемент добавлен
23.03.2018 00:32:48 [main] INFO  диспетчер.dispatcher  - Элемент добавлен
23.03.2018 00:32:48 [main] INFO  диспетчер.dispatcher  - Элемент добавлен
23.03.2018 00:32:48 [main] INFO  диспетчер.dispatcher  - Элемент добавлен
23.03.2018 00:32:48 [main] INFO  диспетчер.dispatcher  - Сортировка
23.03.2018 00:32:48 [main] INFO  диспетчер.dispatcher  - Тип: CargoPlaneP4 Дальность полёта 1 Топливо: 33
23.03.2018 00:32:48 [main] INFO  диспетчер.dispatcher  - Тип: PassengerPlaneP2 Дальность полёта 3 Топливо: 20
23.03.2018 00:32:48 [main] INFO  диспетчер.dispatcher  - Тип: PassengerPlaneP1 Дальность полёта 53 Топливо: 10
23.03.2018 00:32:48 [main] INFO  диспетчер.dispatcher  - Тип: CargoPlaneP3 Дальность полёта 53 Топливо: 11
23.03.2018 00:32:48 [main] INFO  диспетчер.dispatcher  - Тип: PassengerPlaneP5 Дальность полёта 113 Топливо: 12
23.03.2018 00:32:48 [main] INFO  диспетчер.dispatcher  - Поиск
23.03.2018 00:32:52 [main] INFO  диспетчер.dispatcher  - Топливо>12
23.03.2018 00:32:52 [main] INFO  диспетчер.dispatcher  - Тип: CargoPlaneP4 Дальность полёта 1 Топливо: 33
23.03.2018 00:32:52 [main] INFO  диспетчер.dispatcher  - Тип: PassengerPlaneP2 Дальность полёта 3 Топливо: 20
23.03.2018 00:32:52 [main] INFO  диспетчер.dispatcher  - Сумарная грузаподёмность самалётов: 6540
23.03.2018 00:32:52 [main] INFO  диспетчер.dispatcher  - Сумарное количество мест в самалётах 1110
23.03.2018 00:32:52 [main] INFO  диспетчер.dispatcher  - Сумарное количество мест в самалётах 1110
23.03.2018 00:37:43 [main] INFO  Func  - Starting program
23.03.2018 00:37:43 [main] INFO  диспетчер.dispatcher  - Элемент добавлен
23.03.2018 00:37:43 [main] INFO  диспетчер.dispatcher  - Элемент добавлен
23.03.2018 00:37:43 [main] INFO  диспетчер.dispatcher  - Элемент добавлен
23.03.2018 00:37:43 [main] INFO  диспетчер.dispatcher  - Элемент добавлен
23.03.2018 00:37:43 [main] INFO  диспетчер.dispatcher  - Элемент добавлен
23.03.2018 00:37:43 [main] INFO  диспетчер.dispatcher  - Сортировка
23.03.2018 00:37:43 [main] INFO  диспетчер.dispatcher  - Тип: CargoPlaneP4 Дальность полёта 1 Топливо: 33
23.03.2018 00:37:43 [main] INFO  диспетчер.dispatcher  - Тип: PassengerPlaneP2 Дальность полёта 3 Топливо: 20
23.03.2018 00:37:43 [main] INFO  диспетчер.dispatcher  - Тип: PassengerPlaneP1 Дальность полёта 53 Топливо: 10
23.03.2018 00:37:43 [main] INFO  диспетчер.dispatcher  - Тип: CargoPlaneP3 Дальность полёта 53 Топливо: 11
23.03.2018 00:37:43 [main] INFO  диспетчер.dispatcher  - Тип: PassengerPlaneP5 Дальность полёта 113 Топливо: 12
23.03.2018 00:37:43 [main] INFO  диспетчер.dispatcher  - Поиск
23.03.2018 00:37:47 [main] INFO  диспетчер.dispatcher  - Топливо>12
23.03.2018 00:37:47 [main] INFO  диспетчер.dispatcher  - Тип: CargoPlaneP4 Дальность полёта 1 Топливо: 33
23.03.2018 00:37:47 [main] INFO  диспетчер.dispatcher  - Тип: PassengerPlaneP2 Дальность полёта 3 Топливо: 20
23.03.2018 00:37:47 [main] INFO  диспетчер.dispatcher  - Сумарная грузаподёмность самалётов: 6540
23.03.2018 00:37:47 [main] INFO  диспетчер.dispatcher  - Сумарное количество мест в самалётах 1110
23.03.2018 00:37:47 [main] INFO  диспетчер.dispatcher  - Сумарное количество мест в самалётах 1110
23.03.2018 00:44:07 [main] INFO  Func  - Starting program
23.03.2018 00:44:07 [main] INFO  диспетчер.dispatcher  - Элемент добавлен
23.03.2018 00:44:07 [main] INFO  диспетчер.dispatcher  - Элемент добавлен
23.03.2018 00:44:07 [main] INFO  диспетчер.dispatcher  - Элемент добавлен
23.03.2018 00:44:07 [main] INFO  диспетчер.dispatcher  - Элемент добавлен
23.03.2018 00:44:07 [main] INFO  диспетчер.dispatcher  - Элемент добавлен
23.03.2018 00:44:07 [main] INFO  диспетчер.dispatcher  - Сортировка
23.03.2018 00:44:07 [main] INFO  диспетчер.dispatcher  - Тип: CargoPlaneP4 Дальность полёта 1 Топливо: 33
23.03.2018 00:44:07 [main] INFO  диспетчер.dispatcher  - Тип: PassengerPlaneP2 Дальность полёта 3 Топливо: 20
23.03.2018 00:44:07 [main] INFO  диспетчер.dispatcher  - Тип: PassengerPlaneP1 Дальность полёта 53 Топливо: 10
23.03.2018 00:44:07 [main] INFO  диспетчер.dispatcher  - Тип: CargoPlaneP3 Дальность полёта 53 Топливо: 11
23.03.2018 00:44:07 [main] INFO  диспетчер.dispatcher  - Тип: PassengerPlaneP5 Дальность полёта 113 Топливо: 12
23.03.2018 00:44:07 [main] INFO  диспетчер.dispatcher  - Поиск
23.03.2018 00:44:09 [main] INFO  диспетчер.dispatcher  - Топливо>12
23.03.2018 00:44:09 [main] INFO  диспетчер.dispatcher  - Тип: CargoPlaneP4 Дальность полёта 1 Топливо: 33
23.03.2018 00:44:09 [main] INFO  диспетчер.dispatcher  - Тип: PassengerPlaneP2 Дальность полёта 3 Топливо: 20
23.03.2018 00:44:09 [main] INFO  диспетчер.dispatcher  - Сумарная грузаподёмность самалётов: 6540
23.03.2018 00:44:09 [main] INFO  диспетчер.dispatcher  - Сумарное количество мест в самалётах 1110
23.03.2018 00:44:09 [main] INFO  диспетчер.dispatcher  - Сумарное количество мест в самалётах 1110
23.03.2018 01:23:10 [main] INFO  Func  - Starting program
23.03.2018 01:23:10 [main] INFO  диспетчер.dispatcher  - Элемент добавлен
23.03.2018 01:23:10 [main] INFO  диспетчер.dispatcher  - Элемент добавлен
23.03.2018 01:23:10 [main] INFO  диспетчер.dispatcher  - Элемент добавлен
23.03.2018 01:23:10 [main] INFO  диспетчер.dispatcher  - Элемент добавлен
23.03.2018 01:23:10 [main] INFO  диспетчер.dispatcher  - Элемент добавлен
23.03.2018 01:23:10 [main] INFO  диспетчер.dispatcher  - Сортировка
23.03.2018 01:23:10 [main] INFO  диспетчер.dispatcher  - Тип: CargoPlaneP4 Дальность полёта 1 Топливо: 33
23.03.2018 01:23:10 [main] INFO  диспетчер.dispatcher  - Тип: PassengerPlaneP2 Дальность полёта 3 Топливо: 20
23.03.2018 01:23:10 [main] INFO  диспетчер.dispatcher  - Тип: PassengerPlaneP1 Дальность полёта 53 Топливо: 10
23.03.2018 01:23:10 [main] INFO  диспетчер.dispatcher  - Тип: CargoPlaneP3 Дальность полёта 53 Топливо: 11
23.03.2018 01:23:10 [main] INFO  диспетчер.dispatcher  - Тип: PassengerPlaneP5 Дальность полёта 113 Топливо: 12
23.03.2018 01:23:10 [main] INFO  диспетчер.dispatcher  - Поиск
23.03.2018 01:23:13 [main] INFO  диспетчер.dispatcher  - Топливо>12
23.03.2018 01:23:13 [main] INFO  диспетчер.dispatcher  - Тип: CargoPlaneP4 Дальность полёта 1 Топливо: 33
23.03.2018 01:23:13 [main] INFO  диспетчер.dispatcher  - Тип: PassengerPlaneP2 Дальность полёта 3 Топливо: 20
23.03.2018 01:23:13 [main] INFO  диспетчер.dispatcher  - Сумарная грузаподёмность самалётов: 6540
23.03.2018 01:23:13 [main] INFO  диспетчер.dispatcher  - Сумарное количество мест в самалётах 1110
23.03.2018 01:23:13 [main] INFO  диспетчер.dispatcher  - Сумарное количество мест в самалётах 1110
23.03.2018 01:23:51 [main] INFO  Func  - Starting program
23.03.2018 01:23:51 [main] INFO  диспетчер.dispatcher  - Элемент добавлен
23.03.2018 01:23:51 [main] INFO  диспетчер.dispatcher  - Элемент добавлен
23.03.2018 01:23:51 [main] INFO  диспетчер.dispatcher  - Элемент добавлен
23.03.2018 01:23:51 [main] INFO  диспетчер.dispatcher  - Элемент добавлен
23.03.2018 01:23:51 [main] INFO  диспетчер.dispatcher  - Элемент добавлен
23.03.2018 01:23:51 [main] INFO  диспетчер.dispatcher  - Сортировка
23.03.2018 01:23:51 [main] INFO  диспетчер.dispatcher  - Тип: CargoPlaneP4 Дальность полёта 1 Топливо: 33
23.03.2018 01:23:51 [main] INFO  диспетчер.dispatcher  - Тип: PassengerPlaneP2 Дальность полёта 3 Топливо: 20
23.03.2018 01:23:51 [main] INFO  диспетчер.dispatcher  - Тип: PassengerPlaneP1 Дальность полёта 53 Топливо: 10
23.03.2018 01:23:51 [main] INFO  диспетчер.dispatcher  - Тип: CargoPlaneP3 Дальность полёта 53 Топливо: 11
23.03.2018 01:23:51 [main] INFO  диспетчер.dispatcher  - Тип: PassengerPlaneP5 Дальность полёта 113 Топливо: 12
23.03.2018 01:23:51 [main] INFO  диспетчер.dispatcher  - Поиск
23.03.2018 01:23:53 [main] INFO  диспетчер.dispatcher  - Топливо>12
23.03.2018 01:23:53 [main] INFO  диспетчер.dispatcher  - Тип: CargoPlaneP4 Дальность полёта 1 Топливо: 33
23.03.2018 01:23:53 [main] INFO  диспетчер.dispatcher  - Тип: PassengerPlaneP2 Дальность полёта 3 Топливо: 20
23.03.2018 01:23:53 [main] INFO  диспетчер.dispatcher  - Сумарная грузаподёмность самалётов: 6540
23.03.2018 01:23:53 [main] INFO  диспетчер.dispatcher  - Сумарное количество мест в самалётах 1110
23.03.2018 01:23:53 [main] INFO  диспетчер.dispatcher  - Сумарное количество мест в самалётах 1110
23.03.2018 01:25:56 [main] INFO  Func  - Starting program
23.03.2018 01:25:56 [main] INFO  диспетчер.dispatcher  - Элемент добавлен
23.03.2018 01:25:56 [main] INFO  диспетчер.dispatcher  - Элемент добавлен
23.03.2018 01:25:57 [main] INFO  диспетчер.dispatcher  - Элемент добавлен
23.03.2018 01:25:57 [main] INFO  диспетчер.dispatcher  - Элемент добавлен
23.03.2018 01:25:57 [main] INFO  диспетчер.dispatcher  - Элемент добавлен
23.03.2018 01:25:57 [main] INFO  диспетчер.dispatcher  - Сортировка
23.03.2018 01:25:57 [main] INFO  диспетчер.dispatcher  - Тип: CargoPlaneP4 Дальность полёта 1 Топливо: 33
23.03.2018 01:25:57 [main] INFO  диспетчер.dispatcher  - Тип: PassengerPlaneP2 Дальность полёта 3 Топливо: 20
23.03.2018 01:25:57 [main] INFO  диспетчер.dispatcher  - Тип: PassengerPlaneP1 Дальность полёта 53 Топливо: 10
23.03.2018 01:25:57 [main] INFO  диспетчер.dispatcher  - Тип: CargoPlaneP3 Дальность полёта 53 Топливо: 11
23.03.2018 01:25:57 [main] INFO  диспетчер.dispatcher  - Тип: PassengerPlaneP5 Дальность полёта 113 Топливо: 12
23.03.2018 01:25:57 [main] INFO  диспетчер.dispatcher  - Поиск
23.03.2018 01:26:01 [main] INFO  диспетчер.dispatcher  - Топливо>12
23.03.2018 01:26:01 [main] INFO  диспетчер.dispatcher  - Тип: CargoPlaneP4 Дальность полёта 1 Топливо: 33
23.03.2018 01:26:01 [main] INFO  диспетчер.dispatcher  - Тип: PassengerPlaneP2 Дальность полёта 3 Топливо: 20
23.03.2018 01:26:01 [main] INFO  диспетчер.dispatcher  - Сумарная грузаподёмность самалётов: 6540
23.03.2018 01:26:01 [main] INFO  диспетчер.dispatcher  - Сумарное количество мест в самалётах 1110
23.03.2018 01:26:01 [main] INFO  диспетчер.dispatcher  - Сумарное количество мест в самалётах 1110
23.03.2018 01:26:43 [main] INFO  Func  - Starting program
23.03.2018 01:26:43 [main] INFO  диспетчер.dispatcher  - Элемент добавлен
23.03.2018 01:26:43 [main] INFO  диспетчер.dispatcher  - Элемент добавлен
23.03.2018 01:26:43 [main] INFO  диспетчер.dispatcher  - Элемент добавлен
23.03.2018 01:26:43 [main] INFO  диспетчер.dispatcher  - Элемент добавлен
23.03.2018 01:26:43 [main] INFO  диспетчер.dispatcher  - Элемент добавлен
23.03.2018 01:26:43 [main] INFO  диспетчер.dispatcher  - Сортировка
23.03.2018 01:26:43 [main] INFO  диспетчер.dispatcher  - Тип: CargoPlaneP4 Дальность полёта 1 Топливо: 33
23.03.2018 01:26:43 [main] INFO  диспетчер.dispatcher  - Тип: PassengerPlaneP2 Дальность полёта 3 Топливо: 20
23.03.2018 01:26:43 [main] INFO  диспетчер.dispatcher  - Тип: PassengerPlaneP1 Дальность полёта 53 Топливо: 10
23.03.2018 01:26:43 [main] INFO  диспетчер.dispatcher  - Тип: CargoPlaneP3 Дальность полёта 53 Топливо: 11
23.03.2018 01:26:43 [main] INFO  диспетчер.dispatcher  - Тип: PassengerPlaneP5 Дальность полёта 113 Топливо: 12
23.03.2018 01:26:43 [main] INFO  диспетчер.dispatcher  - Поиск
23.03.2018 01:26:45 [main] INFO  диспетчер.dispatcher  - Топливо>12
23.03.2018 01:26:45 [main] INFO  диспетчер.dispatcher  - Тип: CargoPlaneP4 Дальность полёта 1 Топливо: 33
23.03.2018 01:26:45 [main] INFO  диспетчер.dispatcher  - Тип: PassengerPlaneP2 Дальность полёта 3 Топливо: 20
23.03.2018 01:26:45 [main] INFO  диспетчер.dispatcher  - Сумарная грузаподёмность самалётов: 6540
23.03.2018 01:26:45 [main] INFO  диспетчер.dispatcher  - Сумарное количество мест в самалётах 1110
23.03.2018 01:26:45 [main] INFO  диспетчер.dispatcher  - Сумарное количество мест в самалётах 1110
23.03.2018 01:27:19 [main] INFO  Func  - Starting program
23.03.2018 01:27:19 [main] INFO  диспетчер.dispatcher  - Элемент добавлен
23.03.2018 01:27:19 [main] INFO  диспетчер.dispatcher  - Элемент добавлен
23.03.2018 01:27:19 [main] INFO  диспетчер.dispatcher  - Элемент добавлен
23.03.2018 01:27:19 [main] INFO  диспетчер.dispatcher  - Элемент добавлен
23.03.2018 01:27:19 [main] INFO  диспетчер.dispatcher  - Элемент добавлен
23.03.2018 01:27:19 [main] INFO  диспетчер.dispatcher  - Сортировка
23.03.2018 01:27:19 [main] INFO  диспетчер.dispatcher  - Тип: CargoPlaneP4 Дальность полёта 1 Топливо: 33
23.03.2018 01:27:19 [main] INFO  диспетчер.dispatcher  - Тип: PassengerPlaneP2 Дальность полёта 3 Топливо: 20
23.03.2018 01:27:19 [main] INFO  диспетчер.dispatcher  - Тип: PassengerPlaneP1 Дальность полёта 53 Топливо: 10
23.03.2018 01:27:19 [main] INFO  диспетчер.dispatcher  - Тип: CargoPlaneP3 Дальность полёта 53 Топливо: 11
23.03.2018 01:27:19 [main] INFO  диспетчер.dispatcher  - Тип: PassengerPlaneP5 Дальность полёта 113 Топливо: 12
23.03.2018 01:27:19 [main] INFO  диспетчер.dispatcher  - Поиск
23.03.2018 01:55:45 [main] INFO  Func  - Starting program
23.03.2018 01:55:45 [main] INFO  диспетчер.dispatcher  - Элемент добавлен
23.03.2018 01:55:45 [main] INFO  диспетчер.dispatcher  - Элемент добавлен
23.03.2018 01:55:45 [main] INFO  диспетчер.dispatcher  - Элемент добавлен
23.03.2018 01:55:45 [main] INFO  диспетчер.dispatcher  - Элемент добавлен
23.03.2018 01:55:45 [main] INFO  диспетчер.dispatcher  - Элемент добавлен
23.03.2018 01:55:45 [main] INFO  диспетчер.dispatcher  - Сортировка
23.03.2018 01:55:45 [main] INFO  диспетчер.dispatcher  - Тип: CargoPlaneP4 Дальность полёта 1 Топливо: 33
23.03.2018 01:55:45 [main] INFO  диспетчер.dispatcher  - Тип: PassengerPlaneP2 Дальность полёта 3 Топливо: 20
23.03.2018 01:55:45 [main] INFO  диспетчер.dispatcher  - Тип: PassengerPlaneP1 Дальность полёта 53 Топливо: 10
23.03.2018 01:55:45 [main] INFO  диспетчер.dispatcher  - Тип: CargoPlaneP3 Дальность полёта 53 Топливо: 11
23.03.2018 01:55:45 [main] INFO  диспетчер.dispatcher  - Тип: PassengerPlaneP5 Дальность полёта 113 Топливо: 12
23.03.2018 01:55:45 [main] INFO  диспетчер.dispatcher  - Поиск
23.03.2018 01:55:47 [main] INFO  диспетчер.dispatcher  - Топливо>12
23.03.2018 01:55:47 [main] INFO  диспетчер.dispatcher  - Тип: CargoPlaneP4 Дальность полёта 1 Топливо: 33
23.03.2018 01:55:47 [main] INFO  диспетчер.dispatcher  - Тип: PassengerPlaneP2 Дальность полёта 3 Топливо: 20
23.03.2018 01:55:47 [main] INFO  диспетчер.dispatcher  - Сумарная грузаподёмность самалётов: 6540
23.03.2018 01:55:47 [main] INFO  диспетчер.dispatcher  - Сумарное количество мест в самалётах 1110
23.03.2018 01:55:47 [main] INFO  диспетчер.dispatcher  - Сумарное количество мест в самалётах 1110
23.03.2018 01:56:03 [main] INFO  Func  - Starting program
23.03.2018 01:56:03 [main] INFO  диспетчер.dispatcher  - Элемент добавлен
23.03.2018 01:56:03 [main] INFO  диспетчер.dispatcher  - Элемент добавлен
23.03.2018 01:56:03 [main] INFO  диспетчер.dispatcher  - Элемент добавлен
23.03.2018 01:56:03 [main] INFO  диспетчер.dispatcher  - Элемент добавлен
23.03.2018 01:56:03 [main] INFO  диспетчер.dispatcher  - Элемент добавлен
23.03.2018 01:56:03 [main] INFO  диспетчер.dispatcher  - Сортировка
23.03.2018 01:56:03 [main] INFO  диспетчер.dispatcher  - Тип: CargoPlaneP4 Дальность полёта 1 Топливо: 33
23.03.2018 01:56:03 [main] INFO  диспетчер.dispatcher  - Тип: PassengerPlaneP2 Дальность полёта 3 Топливо: 20
23.03.2018 01:56:03 [main] INFO  диспетчер.dispatcher  - Тип: PassengerPlaneP1 Дальность полёта 53 Топливо: 10
23.03.2018 01:56:03 [main] INFO  диспетчер.dispatcher  - Тип: CargoPlaneP3 Дальность полёта 53 Топливо: 11
23.03.2018 01:56:03 [main] INFO  диспетчер.dispatcher  - Тип: PassengerPlaneP5 Дальность полёта 113 Топливо: 12
23.03.2018 01:56:03 [main] INFO  диспетчер.dispatcher  - Поиск
23.03.2018 01:56:06 [main] INFO  диспетчер.dispatcher  - Топливо>12
23.03.2018 01:56:06 [main] INFO  диспетчер.dispatcher  - Тип: CargoPlaneP4 Дальность полёта 1 Топливо: 33
23.03.2018 01:56:06 [main] INFO  диспетчер.dispatcher  - Тип: PassengerPlaneP2 Дальность полёта 3 Топливо: 20
23.03.2018 01:56:06 [main] INFO  диспетчер.dispatcher  - Сумарная грузаподёмность самалётов: 6540
23.03.2018 01:56:06 [main] INFO  диспетчер.dispatcher  - Сумарное количество мест в самалётах 1110
23.03.2018 01:56:06 [main] INFO  диспетчер.dispatcher  - Сумарное количество мест в самалётах 1110
23.03.2018 01:57:01 [main] INFO  Func  - Starting program
23.03.2018 01:57:01 [main] INFO  диспетчер.dispatcher  - Элемент добавлен
23.03.2018 01:57:01 [main] INFO  диспетчер.dispatcher  - Элемент добавлен
23.03.2018 01:57:01 [main] INFO  диспетчер.dispatcher  - Элемент добавлен
23.03.2018 01:57:01 [main] INFO  диспетчер.dispatcher  - Элемент добавлен
23.03.2018 01:57:01 [main] INFO  диспетчер.dispatcher  - Элемент добавлен
23.03.2018 01:57:01 [main] INFO  диспетчер.dispatcher  - Сортировка
23.03.2018 01:57:01 [main] INFO  диспетчер.dispatcher  - Тип: CargoPlaneP4 Дальность полёта 1 Топливо: 33
23.03.2018 01:57:01 [main] INFO  диспетчер.dispatcher  - Тип: PassengerPlaneP2 Дальность полёта 3 Топливо: 20
23.03.2018 01:57:01 [main] INFO  диспетчер.dispatcher  - Тип: PassengerPlaneP1 Дальность полёта 53 Топливо: 10
23.03.2018 01:57:01 [main] INFO  диспетчер.dispatcher  - Тип: CargoPlaneP3 Дальность полёта 53 Топливо: 11
23.03.2018 01:57:01 [main] INFO  диспетчер.dispatcher  - Тип: PassengerPlaneP5 Дальность полёта 113 Топливо: 12
23.03.2018 01:57:01 [main] INFO  диспетчер.dispatcher  - Поиск
23.03.2018 01:57:04 [main] INFO  диспетчер.dispatcher  - Топливо>12
23.03.2018 01:57:04 [main] INFO  диспетчер.dispatcher  - Тип: CargoPlaneP4 Дальность полёта 1 Топливо: 33
23.03.2018 01:57:04 [main] INFO  диспетчер.dispatcher  - Тип: PassengerPlaneP2 Дальность полёта 3 Топливо: 20
23.03.2018 01:57:04 [main] INFO  диспетчер.dispatcher  - Сумарная грузаподёмность самалётов: 6540
23.03.2018 01:57:04 [main] INFO  диспетчер.dispatcher  - Сумарное количество мест в самалётах 1110
23.03.2018 01:57:04 [main] INFO  диспетчер.dispatcher  - Сумарное количество мест в самалётах 1110
23.03.2018 01:58:10 [main] INFO  Func  - Starting program
23.03.2018 01:58:10 [main] INFO  диспетчер.dispatcher  - Элемент добавлен
23.03.2018 01:58:10 [main] INFO  диспетчер.dispatcher  - Элемент добавлен
23.03.2018 01:58:10 [main] INFO  диспетчер.dispatcher  - Элемент добавлен
23.03.2018 01:58:10 [main] INFO  диспетчер.dispatcher  - Элемент добавлен
23.03.2018 01:58:10 [main] INFO  диспетчер.dispatcher  - Элемент добавлен
23.03.2018 01:58:10 [main] INFO  диспетчер.dispatcher  - Сортировка
23.03.2018 01:58:10 [main] INFO  диспетчер.dispatcher  - Тип: CargoPlaneP4 Дальность полёта 1 Топливо: 33
23.03.2018 01:58:10 [main] INFO  диспетчер.dispatcher  - Тип: PassengerPlaneP2 Дальность полёта 3 Топливо: 20
23.03.2018 01:58:10 [main] INFO  диспетчер.dispatcher  - Тип: PassengerPlaneP1 Дальность полёта 53 Топливо: 10
23.03.2018 01:58:10 [main] INFO  диспетчер.dispatcher  - Тип: CargoPlaneP3 Дальность полёта 53 Топливо: 11
23.03.2018 01:58:10 [main] INFO  диспетчер.dispatcher  - Тип: PassengerPlaneP5 Дальность полёта 113 Топливо: 12
23.03.2018 01:58:10 [main] INFO  диспетчер.dispatcher  - Поиск
23.03.2018 01:58:12 [main] INFO  диспетчер.dispatcher  - Топливо>12
23.03.2018 01:58:12 [main] INFO  диспетчер.dispatcher  - Тип: CargoPlaneP4 Дальность полёта 1 Топливо: 33
23.03.2018 01:58:12 [main] INFO  диспетчер.dispatcher  - Тип: PassengerPlaneP2 Дальность полёта 3 Топливо: 20
23.03.2018 01:58:12 [main] INFO  диспетчер.dispatcher  - Сумарная грузаподёмность самалётов: 6540
23.03.2018 01:58:12 [main] INFO  диспетчер.dispatcher  - Сумарное количество мест в самалётах 1110
23.03.2018 01:58:12 [main] INFO  диспетчер.dispatcher  - Сумарное количество мест в самалётах 1110
23.03.2018 02:05:15 [main] INFO  Func  - Starting program
23.03.2018 02:05:15 [main] INFO  диспетчер.dispatcher  - Элемент добавлен
23.03.2018 02:05:15 [main] INFO  диспетчер.dispatcher  - Элемент добавлен
23.03.2018 02:05:15 [main] INFO  диспетчер.dispatcher  - Элемент добавлен
23.03.2018 02:05:15 [main] INFO  диспетчер.dispatcher  - Элемент добавлен
23.03.2018 02:05:15 [main] INFO  диспетчер.dispatcher  - Элемент добавлен
23.03.2018 02:05:15 [main] INFO  диспетчер.dispatcher  - Сортировка
23.03.2018 02:05:15 [main] INFO  диспетчер.dispatcher  - Тип: CargoPlaneP4 Дальность полёта 1 Топливо: 33
23.03.2018 02:05:15 [main] INFO  диспетчер.dispatcher  - Тип: PassengerPlaneP2 Дальность полёта 3 Топливо: 20
23.03.2018 02:05:15 [main] INFO  диспетчер.dispatcher  - Тип: PassengerPlaneP1 Дальность полёта 53 Топливо: 10
23.03.2018 02:05:15 [main] INFO  диспетчер.dispatcher  - Тип: CargoPlaneP3 Дальность полёта 53 Топливо: 11
23.03.2018 02:05:15 [main] INFO  диспетчер.dispatcher  - Тип: PassengerPlaneP5 Дальность полёта 113 Топливо: 12
23.03.2018 02:05:15 [main] INFO  диспетчер.dispatcher  - Поиск
23.03.2018 02:05:17 [main] INFO  диспетчер.dispatcher  - Топливо>12
23.03.2018 02:05:17 [main] INFO  диспетчер.dispatcher  - Тип: CargoPlaneP4 Дальность полёта 1 Топливо: 33
23.03.2018 02:05:17 [main] INFO  диспетчер.dispatcher  - Тип: PassengerPlaneP2 Дальность полёта 3 Топливо: 20
23.03.2018 02:05:17 [main] INFO  диспетчер.dispatcher  - Сумарная грузаподёмность самалётов: 6540
23.03.2018 02:05:17 [main] INFO  диспетчер.dispatcher  - Сумарное количество мест в самалётах 1110
23.03.2018 02:05:17 [main] INFO  диспетчер.dispatcher  - Сумарное количество мест в самалётах 1110
23.03.2018 02:11:37 [main] INFO  Func  - Starting program
23.03.2018 02:11:37 [main] INFO  диспетчер.dispatcher  - Элемент добавлен
23.03.2018 02:11:37 [main] INFO  диспетчер.dispatcher  - Элемент добавлен
23.03.2018 02:11:37 [main] INFO  диспетчер.dispatcher  - Элемент добавлен
23.03.2018 02:11:37 [main] INFO  диспетчер.dispatcher  - Элемент добавлен
23.03.2018 02:11:37 [main] INFO  диспетчер.dispatcher  - Элемент добавлен
23.03.2018 02:11:37 [main] INFO  диспетчер.dispatcher  - Сортировка
23.03.2018 02:11:37 [main] INFO  диспетчер.dispatcher  - Тип: CargoPlaneP4 Дальность полёта 1 Топливо: 33
23.03.2018 02:11:37 [main] INFO  диспетчер.dispatcher  - Тип: PassengerPlaneP2 Дальность полёта 3 Топливо: 20
23.03.2018 02:11:37 [main] INFO  диспетчер.dispatcher  - Тип: PassengerPlaneP1 Дальность полёта 53 Топливо: 10
23.03.2018 02:11:37 [main] INFO  диспетчер.dispatcher  - Тип: CargoPlaneP3 Дальность полёта 53 Топливо: 11
23.03.2018 02:11:37 [main] INFO  диспетчер.dispatcher  - Тип: PassengerPlaneP5 Дальность полёта 113 Топливо: 12
23.03.2018 02:11:37 [main] INFO  диспетчер.dispatcher  - Поиск
23.03.2018 02:11:39 [main] INFO  диспетчер.dispatcher  - Топливо>12
23.03.2018 02:11:39 [main] INFO  диспетчер.dispatcher  - Тип: CargoPlaneP4 Дальность полёта 1 Топливо: 33
23.03.2018 02:11:39 [main] INFO  диспетчер.dispatcher  - Тип: PassengerPlaneP2 Дальность полёта 3 Топливо: 20
23.03.2018 02:11:39 [main] INFO  диспетчер.dispatcher  - Сумарная грузаподёмность самалётов: 6540
23.03.2018 02:11:39 [main] INFO  диспетчер.dispatcher  - Сумарное количество мест в самалётах 1110
23.03.2018 02:11:39 [main] INFO  диспетчер.dispatcher  - Сумарное количество мест в самалётах 1110
23.03.2018 02:12:03 [main] INFO  Func  - Starting program
23.03.2018 02:12:03 [main] INFO  диспетчер.dispatcher  - Элемент добавлен
23.03.2018 02:12:03 [main] INFO  диспетчер.dispatcher  - Элемент добавлен
23.03.2018 02:12:03 [main] INFO  диспетчер.dispatcher  - Элемент добавлен
23.03.2018 02:12:03 [main] INFO  диспетчер.dispatcher  - Элемент добавлен
23.03.2018 02:12:03 [main] INFO  диспетчер.dispatcher  - Элемент добавлен
23.03.2018 02:12:03 [main] INFO  диспетчер.dispatcher  - Сортировка
23.03.2018 02:12:03 [main] INFO  диспетчер.dispatcher  - Тип: CargoPlaneP4 Дальность полёта 1 Топливо: 33
23.03.2018 02:12:03 [main] INFO  диспетчер.dispatcher  - Тип: PassengerPlaneP2 Дальность полёта 3 Топливо: 20
23.03.2018 02:12:03 [main] INFO  диспетчер.dispatcher  - Тип: PassengerPlaneP1 Дальность полёта 53 Топливо: 10
23.03.2018 02:12:03 [main] INFO  диспетчер.dispatcher  - Тип: CargoPlaneP3 Дальность полёта 53 Топливо: 11
23.03.2018 02:12:03 [main] INFO  диспетчер.dispatcher  - Тип: PassengerPlaneP5 Дальность полёта 113 Топливо: 12
23.03.2018 02:12:03 [main] INFO  диспетчер.dispatcher  - Поиск
23.03.2018 02:12:31 [main] INFO  диспетчер.dispatcher  - Топливо>12
23.03.2018 02:12:31 [main] INFO  диспетчер.dispatcher  - Тип: CargoPlaneP4 Дальность полёта 1 Топливо: 33
23.03.2018 02:12:31 [main] INFO  диспетчер.dispatcher  - Тип: PassengerPlaneP2 Дальность полёта 3 Топливо: 20
23.03.2018 02:12:31 [main] INFO  диспетчер.dispatcher  - Сумарная грузаподёмность самалётов: 6540
23.03.2018 02:12:31 [main] INFO  диспетчер.dispatcher  - Сумарное количество мест в самалётах 1110
23.03.2018 02:12:31 [main] INFO  диспетчер.dispatcher  - Сумарное количество мест в самалётах 1110
23.03.2018 02:13:52 [main] INFO  Func  - Starting program
23.03.2018 02:13:52 [main] INFO  диспетчер.dispatcher  - Элемент добавлен
23.03.2018 02:13:52 [main] INFO  диспетчер.dispatcher  - Элемент добавлен
23.03.2018 02:13:52 [main] INFO  диспетчер.dispatcher  - Элемент добавлен
23.03.2018 02:13:52 [main] INFO  диспетчер.dispatcher  - Элемент добавлен
23.03.2018 02:13:52 [main] INFO  диспетчер.dispatcher  - Элемент добавлен
23.03.2018 02:13:52 [main] INFO  диспетчер.dispatcher  - Сортировка
23.03.2018 02:13:52 [main] INFO  диспетчер.dispatcher  - Тип: CargoPlaneP4 Дальность полёта 1 Топливо: 33
23.03.2018 02:13:52 [main] INFO  диспетчер.dispatcher  - Тип: PassengerPlaneP2 Дальность полёта 3 Топливо: 20
23.03.2018 02:13:52 [main] INFO  диспетчер.dispatcher  - Тип: PassengerPlaneP1 Дальность полёта 53 Топливо: 10
23.03.2018 02:13:52 [main] INFO  диспетчер.dispatcher  - Тип: CargoPlaneP3 Дальность полёта 53 Топливо: 11
23.03.2018 02:13:52 [main] INFO  диспетчер.dispatcher  - Тип: PassengerPlaneP5 Дальность полёта 113 Топливо: 12
23.03.2018 02:13:52 [main] INFO  диспетчер.dispatcher  - Поиск
23.03.2018 02:13:56 [main] INFO  диспетчер.dispatcher  - Топливо>12
23.03.2018 02:13:56 [main] INFO  диспетчер.dispatcher  - Тип: CargoPlaneP4 Дальность полёта 1 Топливо: 33
23.03.2018 02:13:56 [main] INFO  диспетчер.dispatcher  - Тип: PassengerPlaneP2 Дальность полёта 3 Топливо: 20
23.03.2018 02:13:56 [main] INFO  диспетчер.dispatcher  - Сумарная грузаподёмность самалётов: 6540
23.03.2018 02:13:56 [main] INFO  диспетчер.dispatcher  - Сумарное количество мест в самалётах 1110
23.03.2018 02:13:56 [main] INFO  диспетчер.dispatcher  - Сумарное количество мест в самалётах 1110
23.03.2018 02:15:03 [main] INFO  Func  - Starting program
23.03.2018 02:15:03 [main] INFO  диспетчер.dispatcher  - Элемент добавлен
23.03.2018 02:15:03 [main] INFO  диспетчер.dispatcher  - Элемент добавлен
23.03.2018 02:15:03 [main] INFO  диспетчер.dispatcher  - Элемент добавлен
23.03.2018 02:15:03 [main] INFO  диспетчер.dispatcher  - Элемент добавлен
23.03.2018 02:15:03 [main] INFO  диспетчер.dispatcher  - Элемент добавлен
23.03.2018 02:15:03 [main] INFO  диспетчер.dispatcher  - Сортировка
23.03.2018 02:15:03 [main] INFO  диспетчер.dispatcher  - Тип: CargoPlaneP4 Дальность полёта 1 Топливо: 33
23.03.2018 02:15:03 [main] INFO  диспетчер.dispatcher  - Тип: PassengerPlaneP2 Дальность полёта 3 Топливо: 20
23.03.2018 02:15:03 [main] INFO  диспетчер.dispatcher  - Тип: PassengerPlaneP1 Дальность полёта 53 Топливо: 10
23.03.2018 02:15:03 [main] INFO  диспетчер.dispatcher  - Тип: CargoPlaneP3 Дальность полёта 53 Топливо: 11
23.03.2018 02:15:03 [main] INFO  диспетчер.dispatcher  - Тип: PassengerPlaneP5 Дальность полёта 113 Топливо: 12
23.03.2018 02:15:03 [main] INFO  диспетчер.dispatcher  - Поиск
23.03.2018 02:15:18 [main] INFO  диспетчер.dispatcher  - Топливо>12
23.03.2018 02:15:18 [main] INFO  диспетчер.dispatcher  - Тип: CargoPlaneP4 Дальность полёта 1 Топливо: 33
23.03.2018 02:15:18 [main] INFO  диспетчер.dispatcher  - Тип: PassengerPlaneP2 Дальность полёта 3 Топливо: 20
23.03.2018 02:15:18 [main] INFO  диспетчер.dispatcher  - Сумарная грузаподёмность самалётов: 6540
23.03.2018 02:15:18 [main] INFO  диспетчер.dispatcher  - Сумарное количество мест в самалётах 1110
23.03.2018 02:15:18 [main] INFO  диспетчер.dispatcher  - Сумарное количество мест в самалётах 1110
23.03.2018 02:16:11 [main] INFO  Func  - Starting program
23.03.2018 02:16:11 [main] INFO  диспетчер.dispatcher  - Элемент добавлен
23.03.2018 02:16:11 [main] INFO  диспетчер.dispatcher  - Элемент добавлен
23.03.2018 02:16:11 [main] INFO  диспетчер.dispatcher  - Элемент добавлен
23.03.2018 02:16:11 [main] INFO  диспетчер.dispatcher  - Элемент добавлен
23.03.2018 02:16:11 [main] INFO  диспетчер.dispatcher  - Элемент добавлен
23.03.2018 02:16:11 [main] INFO  диспетчер.dispatcher  - Сортировка
23.03.2018 02:16:11 [main] INFO  диспетчер.dispatcher  - Тип: CargoPlaneP4 Дальность полёта 1 Топливо: 33
23.03.2018 02:16:11 [main] INFO  диспетчер.dispatcher  - Тип: PassengerPlaneP2 Дальность полёта 3 Топливо: 20
23.03.2018 02:16:11 [main] INFO  диспетчер.dispatcher  - Тип: PassengerPlaneP1 Дальность полёта 53 Топливо: 10
23.03.2018 02:16:11 [main] INFO  диспетчер.dispatcher  - Тип: CargoPlaneP3 Дальность полёта 53 Топливо: 11
23.03.2018 02:16:11 [main] INFO  диспетчер.dispatcher  - Тип: PassengerPlaneP5 Дальность полёта 113 Топливо: 12
23.03.2018 02:16:11 [main] INFO  диспетчер.dispatcher  - Поиск
23.03.2018 02:16:12 [main] INFO  диспетчер.dispatcher  - Топливо>12
23.03.2018 02:16:12 [main] INFO  диспетчер.dispatcher  - Тип: CargoPlaneP4 Дальность полёта 1 Топливо: 33
23.03.2018 02:16:12 [main] INFO  диспетчер.dispatcher  - Тип: PassengerPlaneP2 Дальность полёта 3 Топливо: 20
23.03.2018 02:16:12 [main] INFO  диспетчер.dispatcher  - Сумарная грузаподёмность самалётов: 6540
23.03.2018 02:16:12 [main] INFO  диспетчер.dispatcher  - Сумарное количество мест в самалётах 1110
23.03.2018 02:16:12 [main] INFO  диспетчер.dispatcher  - Сумарное количество мест в самалётах 1110
23.03.2018 02:16:36 [main] INFO  Func  - Starting program
23.03.2018 02:16:36 [main] INFO  диспетчер.dispatcher  - Элемент добавлен
23.03.2018 02:16:36 [main] INFO  диспетчер.dispatcher  - Элемент добавлен
23.03.2018 02:16:36 [main] INFO  диспетчер.dispatcher  - Элемент добавлен
23.03.2018 02:16:36 [main] INFO  диспетчер.dispatcher  - Элемент добавлен
23.03.2018 02:16:36 [main] INFO  диспетчер.dispatcher  - Элемент добавлен
23.03.2018 02:16:36 [main] INFO  диспетчер.dispatcher  - Сортировка
23.03.2018 02:16:36 [main] INFO  диспетчер.dispatcher  - Тип: CargoPlaneP4 Дальность полёта 1 Топливо: 33
23.03.2018 02:16:36 [main] INFO  диспетчер.dispatcher  - Тип: PassengerPlaneP2 Дальность полёта 3 Топливо: 20
23.03.2018 02:16:36 [main] INFO  диспетчер.dispatcher  - Тип: PassengerPlaneP1 Дальность полёта 53 Топливо: 10
23.03.2018 02:16:36 [main] INFO  диспетчер.dispatcher  - Тип: CargoPlaneP3 Дальность полёта 53 Топливо: 11
23.03.2018 02:16:36 [main] INFO  диспетчер.dispatcher  - Тип: PassengerPlaneP5 Дальность полёта 113 Топливо: 12
23.03.2018 02:16:36 [main] INFO  диспетчер.dispatcher  - Поиск
23.03.2018 02:16:41 [main] INFO  диспетчер.dispatcher  - Топливо>12
23.03.2018 02:16:41 [main] INFO  диспетчер.dispatcher  - Тип: CargoPlaneP4 Дальность полёта 1 Топливо: 33
23.03.2018 02:16:41 [main] INFO  диспетчер.dispatcher  - Тип: PassengerPlaneP2 Дальность полёта 3 Топливо: 20
23.03.2018 02:16:41 [main] INFO  диспетчер.dispatcher  - Сумарная грузаподёмность самалётов: 6540
23.03.2018 02:16:41 [main] INFO  диспетчер.dispatcher  - Сумарное количество мест в самалётах 1110
23.03.2018 02:16:41 [main] INFO  диспетчер.dispatcher  - Сумарное количество мест в самалётах 1110
23.03.2018 02:19:39 [main] INFO  Func  - Starting program
23.03.2018 02:19:39 [main] INFO  диспетчер.dispatcher  - Элемент добавлен
23.03.2018 02:19:39 [main] INFO  диспетчер.dispatcher  - Элемент добавлен
23.03.2018 02:19:39 [main] INFO  диспетчер.dispatcher  - Элемент добавлен
23.03.2018 02:19:39 [main] INFO  диспетчер.dispatcher  - Элемент добавлен
23.03.2018 02:19:39 [main] INFO  диспетчер.dispatcher  - Элемент добавлен
23.03.2018 02:19:39 [main] INFO  диспетчер.dispatcher  - Сортировка
23.03.2018 02:19:39 [main] INFO  диспетчер.dispatcher  - Тип: CargoPlaneP4 Дальность полёта 1 Топливо: 33
23.03.2018 02:19:39 [main] INFO  диспетчер.dispatcher  - Тип: PassengerPlaneP2 Дальность полёта 3 Топливо: 20
23.03.2018 02:19:39 [main] INFO  диспетчер.dispatcher  - Тип: PassengerPlaneP1 Дальность полёта 53 Топливо: 10
23.03.2018 02:19:39 [main] INFO  диспетчер.dispatcher  - Тип: CargoPlaneP3 Дальность полёта 53 Топливо: 11
23.03.2018 02:19:39 [main] INFO  диспетчер.dispatcher  - Тип: PassengerPlaneP5 Дальность полёта 113 Топливо: 12
23.03.2018 02:19:39 [main] INFO  диспетчер.dispatcher  - Поиск
23.03.2018 02:19:41 [main] INFO  диспетчер.dispatcher  - Топливо>12
23.03.2018 02:19:41 [main] INFO  диспетчер.dispatcher  - Тип: CargoPlaneP4 Дальность полёта 1 Топливо: 33
23.03.2018 02:19:41 [main] INFO  диспетчер.dispatcher  - Тип: PassengerPlaneP2 Дальность полёта 3 Топливо: 20
23.03.2018 02:19:41 [main] INFO  диспетчер.dispatcher  - Сумарная грузаподёмность самалётов: 6540
23.03.2018 02:19:41 [main] INFO  диспетчер.dispatcher  - Сумарное количество мест в самалётах 1110
23.03.2018 02:19:41 [main] INFO  диспетчер.dispatcher  - Сумарное количество мест в самалётах 1110
23.03.2018 02:21:53 [main] INFO  Func  - Starting program
23.03.2018 02:21:53 [main] INFO  диспетчер.dispatcher  - Элемент добавлен
23.03.2018 02:21:53 [main] INFO  диспетчер.dispatcher  - Элемент добавлен
23.03.2018 02:21:53 [main] INFO  диспетчер.dispatcher  - Элемент добавлен
23.03.2018 02:21:53 [main] INFO  диспетчер.dispatcher  - Элемент добавлен
23.03.2018 02:21:53 [main] INFO  диспетчер.dispatcher  - Элемент добавлен
23.03.2018 02:21:53 [main] INFO  диспетчер.dispatcher  - Сортировка
23.03.2018 02:21:53 [main] INFO  диспетчер.dispatcher  - Тип: CargoPlaneP4 Дальность полёта 1 Топливо: 33
23.03.2018 02:21:53 [main] INFO  диспетчер.dispatcher  - Тип: PassengerPlaneP2 Дальность полёта 3 Топливо: 20
23.03.2018 02:21:53 [main] INFO  диспетчер.dispatcher  - Тип: PassengerPlaneP1 Дальность полёта 53 Топливо: 10
23.03.2018 02:21:53 [main] INFO  диспетчер.dispatcher  - Тип: CargoPlaneP3 Дальность полёта 53 Топливо: 11
23.03.2018 02:21:53 [main] INFO  диспетчер.dispatcher  - Тип: PassengerPlaneP5 Дальность полёта 113 Топливо: 12
23.03.2018 02:21:53 [main] INFO  диспетчер.dispatcher  - Поиск
23.03.2018 02:22:04 [main] INFO  диспетчер.dispatcher  - Топливо>12
23.03.2018 02:22:04 [main] INFO  диспетчер.dispatcher  - Тип: CargoPlaneP4 Дальность полёта 1 Топливо: 33
23.03.2018 02:22:04 [main] INFO  диспетчер.dispatcher  - Тип: PassengerPlaneP2 Дальность полёта 3 Топливо: 20
23.03.2018 02:22:04 [main] INFO  диспетчер.dispatcher  - Сумарная грузаподёмность самалётов: 6540
23.03.2018 02:22:04 [main] INFO  диспетчер.dispatcher  - Сумарное количество мест в самалётах 1110
23.03.2018 02:22:04 [main] INFO  диспетчер.dispatcher  - Сумарное количество мест в самалётах 1110
23.03.2018 02:24:26 [main] INFO  Func  - Starting program
23.03.2018 02:24:26 [main] INFO  диспетчер.dispatcher  - Элемент добавлен
23.03.2018 02:24:26 [main] INFO  диспетчер.dispatcher  - Элемент добавлен
23.03.2018 02:24:26 [main] INFO  диспетчер.dispatcher  - Элемент добавлен
23.03.2018 02:24:26 [main] INFO  диспетчер.dispatcher  - Элемент добавлен
23.03.2018 02:24:26 [main] INFO  диспетчер.dispatcher  - Элемент добавлен
23.03.2018 02:24:26 [main] INFO  диспетчер.dispatcher  - Сортировка
23.03.2018 02:24:26 [main] INFO  диспетчер.dispatcher  - Тип: CargoPlaneP4 Дальность полёта 1 Топливо: 33
23.03.2018 02:24:26 [main] INFO  диспетчер.dispatcher  - Тип: PassengerPlaneP2 Дальность полёта 3 Топливо: 20
23.03.2018 02:24:26 [main] INFO  диспетчер.dispatcher  - Тип: PassengerPlaneP1 Дальность полёта 53 Топливо: 10
23.03.2018 02:24:26 [main] INFO  диспетчер.dispatcher  - Тип: CargoPlaneP3 Дальность полёта 53 Топливо: 11
23.03.2018 02:24:26 [main] INFO  диспетчер.dispatcher  - Тип: PassengerPlaneP5 Дальность полёта 113 Топливо: 12
23.03.2018 02:24:26 [main] INFO  диспетчер.dispatcher  - Поиск
23.03.2018 02:24:28 [main] INFO  диспетчер.dispatcher  - Топливо>12
23.03.2018 02:24:28 [main] INFO  диспетчер.dispatcher  - Тип: CargoPlaneP4 Дальность полёта 1 Топливо: 33
23.03.2018 02:24:28 [main] INFO  диспетчер.dispatcher  - Тип: PassengerPlaneP2 Дальность полёта 3 Топливо: 20
23.03.2018 02:24:28 [main] INFO  диспетчер.dispatcher  - Сумарная грузаподёмность самалётов: 6540
23.03.2018 02:24:28 [main] INFO  диспетчер.dispatcher  - Сумарное количество мест в самалётах 1110
23.03.2018 02:24:28 [main] INFO  диспетчер.dispatcher  - Сумарное количество мест в самалётах 1110
23.03.2018 02:25:31 [main] INFO  Func  - Starting program
23.03.2018 02:25:31 [main] INFO  диспетчер.dispatcher  - Элемент добавлен
23.03.2018 02:25:31 [main] INFO  диспетчер.dispatcher  - Элемент добавлен
23.03.2018 02:25:31 [main] INFO  диспетчер.dispatcher  - Элемент добавлен
23.03.2018 02:25:31 [main] INFO  диспетчер.dispatcher  - Элемент добавлен
23.03.2018 02:25:31 [main] INFO  диспетчер.dispatcher  - Элемент добавлен
23.03.2018 02:25:31 [main] INFO  диспетчер.dispatcher  - Сортировка
23.03.2018 02:25:31 [main] INFO  диспетчер.dispatcher  - Тип: CargoPlaneP4 Дальность полёта 1 Топливо: 33
23.03.2018 02:25:31 [main] INFO  диспетчер.dispatcher  - Тип: PassengerPlaneP2 Дальность полёта 3 Топливо: 20
23.03.2018 02:25:31 [main] INFO  диспетчер.dispatcher  - Тип: PassengerPlaneP1 Дальность полёта 53 Топливо: 10
23.03.2018 02:25:31 [main] INFO  диспетчер.dispatcher  - Тип: CargoPlaneP3 Дальность полёта 53 Топливо: 11
23.03.2018 02:25:31 [main] INFO  диспетчер.dispatcher  - Тип: PassengerPlaneP5 Дальность полёта 113 Топливо: 12
23.03.2018 02:25:31 [main] INFO  диспетчер.dispatcher  - Поиск
23.03.2018 02:25:33 [main] INFO  диспетчер.dispatcher  - Топливо>12
23.03.2018 02:25:33 [main] INFO  диспетчер.dispatcher  - Тип: CargoPlaneP4 Дальность полёта 1 Топливо: 33
23.03.2018 02:25:33 [main] INFO  диспетчер.dispatcher  - Тип: PassengerPlaneP2 Дальность полёта 3 Топливо: 20
23.03.2018 02:25:33 [main] INFO  диспетчер.dispatcher  - Сумарная грузаподёмность самалётов: 6540
23.03.2018 02:25:33 [main] INFO  диспетчер.dispatcher  - Сумарное количество мест в самалётах 1110
23.03.2018 02:25:33 [main] INFO  диспетчер.dispatcher  - Сумарное количество мест в самалётах 1110
23.03.2018 02:28:40 [main] INFO  Func  - Starting program
23.03.2018 02:28:40 [main] INFO  диспетчер.dispatcher  - Элемент добавлен
23.03.2018 02:28:40 [main] INFO  диспетчер.dispatcher  - Элемент добавлен
23.03.2018 02:28:40 [main] INFO  диспетчер.dispatcher  - Элемент добавлен
23.03.2018 02:28:40 [main] INFO  диспетчер.dispatcher  - Элемент добавлен
23.03.2018 02:28:40 [main] INFO  диспетчер.dispatcher  - Элемент добавлен
23.03.2018 02:28:40 [main] INFO  диспетчер.dispatcher  - Сортировка
23.03.2018 02:28:40 [main] INFO  диспетчер.dispatcher  - Тип: CargoPlaneP4 Дальность полёта 1 Топливо: 33
23.03.2018 02:28:40 [main] INFO  диспетчер.dispatcher  - Тип: PassengerPlaneP2 Дальность полёта 3 Топливо: 20
23.03.2018 02:28:40 [main] INFO  диспетчер.dispatcher  - Тип: PassengerPlaneP1 Дальность полёта 53 Топливо: 10
23.03.2018 02:28:40 [main] INFO  диспетчер.dispatcher  - Тип: CargoPlaneP3 Дальность полёта 53 Топливо: 11
23.03.2018 02:28:40 [main] INFO  диспетчер.dispatcher  - Тип: PassengerPlaneP5 Дальность полёта 113 Топливо: 12
23.03.2018 02:28:40 [main] INFO  диспетчер.dispatcher  - Поиск
23.03.2018 02:28:43 [main] INFO  диспетчер.dispatcher  - Топливо>12
23.03.2018 02:28:43 [main] INFO  диспетчер.dispatcher  - Тип: CargoPlaneP4 Дальность полёта 1 Топливо: 33
23.03.2018 02:28:43 [main] INFO  диспетчер.dispatcher  - Тип: PassengerPlaneP2 Дальность полёта 3 Топливо: 20
23.03.2018 02:28:43 [main] INFO  диспетчер.dispatcher  - Сумарная грузаподёмность самалётов: 6540
23.03.2018 02:28:43 [main] INFO  диспетчер.dispatcher  - Сумарное количество мест в самалётах 1110
23.03.2018 02:28:43 [main] INFO  диспетчер.dispatcher  - Сумарное количество мест в самалётах 1110
23.03.2018 02:29:08 [main] INFO  Func  - Starting program
23.03.2018 02:29:08 [main] INFO  диспетчер.dispatcher  - Элемент добавлен
23.03.2018 02:29:08 [main] INFO  диспетчер.dispatcher  - Элемент добавлен
23.03.2018 02:29:08 [main] INFO  диспетчер.dispatcher  - Элемент добавлен
23.03.2018 02:29:08 [main] INFO  диспетчер.dispatcher  - Элемент добавлен
23.03.2018 02:29:08 [main] INFO  диспетчер.dispatcher  - Элемент добавлен
23.03.2018 02:29:08 [main] INFO  диспетчер.dispatcher  - Сортировка
23.03.2018 02:29:08 [main] INFO  диспетчер.dispatcher  - Тип: CargoPlaneP4 Дальность полёта 1 Топливо: 33
23.03.2018 02:29:08 [main] INFO  диспетчер.dispatcher  - Тип: PassengerPlaneP2 Дальность полёта 3 Топливо: 20
23.03.2018 02:29:08 [main] INFO  диспетчер.dispatcher  - Тип: PassengerPlaneP1 Дальность полёта 53 Топливо: 10
23.03.2018 02:29:08 [main] INFO  диспетчер.dispatcher  - Тип: CargoPlaneP3 Дальность полёта 53 Топливо: 11
23.03.2018 02:29:08 [main] INFO  диспетчер.dispatcher  - Тип: PassengerPlaneP5 Дальность полёта 113 Топливо: 12
23.03.2018 02:29:08 [main] INFO  диспетчер.dispatcher  - Поиск
23.03.2018 02:29:12 [main] INFO  диспетчер.dispatcher  - Топливо>12
23.03.2018 02:29:12 [main] INFO  диспетчер.dispatcher  - Тип: CargoPlaneP4 Дальность полёта 1 Топливо: 33
23.03.2018 02:29:12 [main] INFO  диспетчер.dispatcher  - Тип: PassengerPlaneP2 Дальность полёта 3 Топливо: 20
23.03.2018 02:29:12 [main] INFO  диспетчер.dispatcher  - Сумарная грузаподёмность самалётов: 6540
23.03.2018 02:29:12 [main] INFO  диспетчер.dispatcher  - Сумарное количество мест в самалётах 1110
23.03.2018 02:29:12 [main] INFO  диспетчер.dispatcher  - Сумарное количество мест в самалётах 1110
